

============================== 2022-05-17 15:19:43.316092 | b919beae-fa1c-482f-8fad-718c7e6c841a ==============================
15:19:43.316100 [info ] [MainThread]: Running with dbt=1.1.0
15:19:43.316566 [debug] [MainThread]: running dbt with arguments {'write_json': True, 'use_colors': True, 'printer_width': 80, 'version_check': True, 'partial_parse': True, 'static_parser': True, 'profiles_dir': '/Users/haratodaisuke/.dbt', 'send_anonymous_usage_stats': True, 'event_buffer_size': 100000, 'quiet': False, 'no_print': False, 'skip_profile_setup': False, 'which': 'init', 'indirect_selection': 'eager'}
15:19:43.316742 [debug] [MainThread]: Tracking: tracking
15:19:43.336669 [debug] [MainThread]: Sending event: {'category': 'dbt', 'action': 'invocation', 'label': 'start', 'context': [<snowplow_tracker.self_describing_json.SelfDescribingJson object at 0x7f93099d02d0>, <snowplow_tracker.self_describing_json.SelfDescribingJson object at 0x7f9308c77650>, <snowplow_tracker.self_describing_json.SelfDescribingJson object at 0x7f93099d0ed0>]}
15:19:43.338613 [info ] [MainThread]: Creating dbt configuration folder at /Users/haratodaisuke/.dbt
15:19:43.339359 [info ] [MainThread]: Setting up your profile.
15:20:05.136079 [info ] [MainThread]: Profile dbt_training_dw written to /Users/haratodaisuke/.dbt/profiles.yml using target's sample configuration. Once updated, you'll be able to start developing with dbt.
15:20:05.136593 [debug] [MainThread]: Sending event: {'category': 'dbt', 'action': 'invocation', 'label': 'end', 'context': [<snowplow_tracker.self_describing_json.SelfDescribingJson object at 0x7f9307039ed0>, <snowplow_tracker.self_describing_json.SelfDescribingJson object at 0x7f9309b06b90>, <snowplow_tracker.self_describing_json.SelfDescribingJson object at 0x7f9309b06f50>]}


============================== 2022-05-17 15:29:09.694792 | 9d976ba9-143b-43b1-aff4-5e147b94edbb ==============================
15:29:09.694844 [info ] [MainThread]: Running with dbt=1.1.0
15:29:09.696184 [debug] [MainThread]: running dbt with arguments {'write_json': True, 'use_colors': True, 'printer_width': 80, 'version_check': True, 'partial_parse': True, 'static_parser': True, 'profiles_dir': '/Users/haratodaisuke/.dbt', 'send_anonymous_usage_stats': True, 'event_buffer_size': 100000, 'quiet': False, 'no_print': False, 'which': 'run', 'rpc_method': 'run', 'indirect_selection': 'eager'}
15:29:09.696443 [debug] [MainThread]: Tracking: tracking
15:29:09.717502 [debug] [MainThread]: Sending event: {'category': 'dbt', 'action': 'invocation', 'label': 'start', 'context': [<snowplow_tracker.self_describing_json.SelfDescribingJson object at 0x7f81c3c04e90>, <snowplow_tracker.self_describing_json.SelfDescribingJson object at 0x7f81c39c1c10>, <snowplow_tracker.self_describing_json.SelfDescribingJson object at 0x7f81c3c04050>]}
15:29:09.736866 [info ] [MainThread]: Partial parse save file not found. Starting full parse.
15:29:09.737280 [debug] [MainThread]: Sending event: {'category': 'dbt', 'action': 'partial_parser', 'label': '9d976ba9-143b-43b1-aff4-5e147b94edbb', 'context': [<snowplow_tracker.self_describing_json.SelfDescribingJson object at 0x7f81c3c02450>]}
15:29:09.761406 [debug] [MainThread]: Parsing macros/catalog.sql
15:29:09.767068 [debug] [MainThread]: Parsing macros/relations.sql
15:29:09.769194 [debug] [MainThread]: Parsing macros/adapters.sql
15:29:09.798293 [debug] [MainThread]: Parsing macros/materializations/snapshot_merge.sql
15:29:09.800649 [debug] [MainThread]: Parsing macros/materializations/hooks.sql
15:29:09.805766 [debug] [MainThread]: Parsing macros/materializations/configs.sql
15:29:09.808907 [debug] [MainThread]: Parsing macros/materializations/snapshots/snapshot_merge.sql
15:29:09.811046 [debug] [MainThread]: Parsing macros/materializations/snapshots/strategies.sql
15:29:09.833515 [debug] [MainThread]: Parsing macros/materializations/snapshots/helpers.sql
15:29:09.849435 [debug] [MainThread]: Parsing macros/materializations/snapshots/snapshot.sql
15:29:09.864005 [debug] [MainThread]: Parsing macros/materializations/tests/test.sql
15:29:09.870153 [debug] [MainThread]: Parsing macros/materializations/tests/helpers.sql
15:29:09.872558 [debug] [MainThread]: Parsing macros/materializations/tests/where_subquery.sql
15:29:09.875107 [debug] [MainThread]: Parsing macros/materializations/models/incremental/column_helpers.sql
15:29:09.881060 [debug] [MainThread]: Parsing macros/materializations/models/incremental/merge.sql
15:29:09.901880 [debug] [MainThread]: Parsing macros/materializations/models/incremental/is_incremental.sql
15:29:09.903929 [debug] [MainThread]: Parsing macros/materializations/models/incremental/incremental.sql
15:29:09.918022 [debug] [MainThread]: Parsing macros/materializations/models/incremental/on_schema_change.sql
15:29:09.937190 [debug] [MainThread]: Parsing macros/materializations/models/table/table.sql
15:29:09.946649 [debug] [MainThread]: Parsing macros/materializations/models/table/create_table_as.sql
15:29:09.950557 [debug] [MainThread]: Parsing macros/materializations/models/view/view.sql
15:29:09.959840 [debug] [MainThread]: Parsing macros/materializations/models/view/helpers.sql
15:29:09.961664 [debug] [MainThread]: Parsing macros/materializations/models/view/create_or_replace_view.sql
15:29:09.965239 [debug] [MainThread]: Parsing macros/materializations/models/view/create_view_as.sql
15:29:09.968474 [debug] [MainThread]: Parsing macros/materializations/seeds/seed.sql
15:29:09.976869 [debug] [MainThread]: Parsing macros/materializations/seeds/helpers.sql
15:29:09.997512 [debug] [MainThread]: Parsing macros/get_custom_name/get_custom_alias.sql
15:29:09.999454 [debug] [MainThread]: Parsing macros/get_custom_name/get_custom_schema.sql
15:29:10.002799 [debug] [MainThread]: Parsing macros/get_custom_name/get_custom_database.sql
15:29:10.004848 [debug] [MainThread]: Parsing macros/generic_test_sql/relationships.sql
15:29:10.005971 [debug] [MainThread]: Parsing macros/generic_test_sql/not_null.sql
15:29:10.007202 [debug] [MainThread]: Parsing macros/generic_test_sql/unique.sql
15:29:10.008214 [debug] [MainThread]: Parsing macros/generic_test_sql/accepted_values.sql
15:29:10.010675 [debug] [MainThread]: Parsing macros/etc/statement.sql
15:29:10.017023 [debug] [MainThread]: Parsing macros/etc/datetime.sql
15:29:10.028285 [debug] [MainThread]: Parsing macros/adapters/schema.sql
15:29:10.031221 [debug] [MainThread]: Parsing macros/adapters/indexes.sql
15:29:10.035073 [debug] [MainThread]: Parsing macros/adapters/relation.sql
15:29:10.078570 [debug] [MainThread]: Parsing macros/adapters/freshness.sql
15:29:10.083180 [debug] [MainThread]: Parsing macros/adapters/persist_docs.sql
15:29:10.090090 [debug] [MainThread]: Parsing macros/adapters/metadata.sql
15:29:10.100106 [debug] [MainThread]: Parsing macros/adapters/columns.sql
15:29:10.113741 [debug] [MainThread]: Parsing tests/generic/builtin.sql
15:29:10.385923 [warn ] [MainThread]: [[33mWARNING[0m]: Configuration paths exist in your dbt_project.yml file which do not apply to any resources.
There are 1 unused configuration paths:
- models.dbt_training

15:29:10.392543 [debug] [MainThread]: Sending event: {'category': 'dbt', 'action': 'load_project', 'label': '9d976ba9-143b-43b1-aff4-5e147b94edbb', 'context': [<snowplow_tracker.self_describing_json.SelfDescribingJson object at 0x7f81c2087210>]}
15:29:10.398368 [debug] [MainThread]: Sending event: {'category': 'dbt', 'action': 'resource_counts', 'label': '9d976ba9-143b-43b1-aff4-5e147b94edbb', 'context': [<snowplow_tracker.self_describing_json.SelfDescribingJson object at 0x7f81c3cd4210>]}
15:29:10.398753 [info ] [MainThread]: Found 0 models, 0 tests, 0 snapshots, 0 analyses, 167 macros, 0 operations, 0 seed files, 0 sources, 0 exposures, 0 metrics
15:29:10.399112 [debug] [MainThread]: Sending event: {'category': 'dbt', 'action': 'runnable_timing', 'label': '9d976ba9-143b-43b1-aff4-5e147b94edbb', 'context': [<snowplow_tracker.self_describing_json.SelfDescribingJson object at 0x7f81c3cd4b10>]}
15:29:10.400127 [info ] [MainThread]: 
15:29:10.400467 [warn ] [MainThread]: [[33mWARNING[0m]: Nothing to do. Try checking your model configs and model specification args
15:29:10.405981 [debug] [MainThread]: Sending event: {'category': 'dbt', 'action': 'invocation', 'label': 'end', 'context': [<snowplow_tracker.self_describing_json.SelfDescribingJson object at 0x7f81c39f30d0>, <snowplow_tracker.self_describing_json.SelfDescribingJson object at 0x7f81c3cf1050>, <snowplow_tracker.self_describing_json.SelfDescribingJson object at 0x7f81c3cf1110>]}


============================== 2022-05-17 15:48:19.284653 | 347d9a34-7e24-4302-baae-6dba9e3d3dbe ==============================
15:48:19.284679 [info ] [MainThread]: Running with dbt=1.1.0
15:48:19.286407 [debug] [MainThread]: running dbt with arguments {'write_json': True, 'use_colors': True, 'printer_width': 80, 'version_check': True, 'partial_parse': True, 'static_parser': True, 'profiles_dir': '/Users/haratodaisuke/.dbt', 'send_anonymous_usage_stats': True, 'event_buffer_size': 100000, 'quiet': False, 'no_print': False, 'which': 'run', 'rpc_method': 'run', 'indirect_selection': 'eager'}
15:48:19.286646 [debug] [MainThread]: Tracking: tracking
15:48:19.368925 [debug] [MainThread]: Sending event: {'category': 'dbt', 'action': 'invocation', 'label': 'start', 'context': [<snowplow_tracker.self_describing_json.SelfDescribingJson object at 0x7f7dd5b02f10>, <snowplow_tracker.self_describing_json.SelfDescribingJson object at 0x7f7dd2293750>, <snowplow_tracker.self_describing_json.SelfDescribingJson object at 0x7f7dd5b04350>]}
15:48:19.397837 [info ] [MainThread]: Unable to do partial parsing because profile has changed
15:48:19.398342 [debug] [MainThread]: Sending event: {'category': 'dbt', 'action': 'partial_parser', 'label': '347d9a34-7e24-4302-baae-6dba9e3d3dbe', 'context': [<snowplow_tracker.self_describing_json.SelfDescribingJson object at 0x7f7dd5b96fd0>]}
15:48:19.423387 [debug] [MainThread]: Parsing macros/catalog.sql
15:48:19.428179 [debug] [MainThread]: Parsing macros/relations.sql
15:48:19.429934 [debug] [MainThread]: Parsing macros/adapters.sql
15:48:19.458727 [debug] [MainThread]: Parsing macros/materializations/snapshot_merge.sql
15:48:19.460860 [debug] [MainThread]: Parsing macros/materializations/hooks.sql
15:48:19.465742 [debug] [MainThread]: Parsing macros/materializations/configs.sql
15:48:19.468475 [debug] [MainThread]: Parsing macros/materializations/snapshots/snapshot_merge.sql
15:48:19.470245 [debug] [MainThread]: Parsing macros/materializations/snapshots/strategies.sql
15:48:19.489847 [debug] [MainThread]: Parsing macros/materializations/snapshots/helpers.sql
15:48:19.503271 [debug] [MainThread]: Parsing macros/materializations/snapshots/snapshot.sql
15:48:19.542188 [debug] [MainThread]: Parsing macros/materializations/tests/test.sql
15:48:19.549022 [debug] [MainThread]: Parsing macros/materializations/tests/helpers.sql
15:48:19.551645 [debug] [MainThread]: Parsing macros/materializations/tests/where_subquery.sql
15:48:19.554296 [debug] [MainThread]: Parsing macros/materializations/models/incremental/column_helpers.sql
15:48:19.560775 [debug] [MainThread]: Parsing macros/materializations/models/incremental/merge.sql
15:48:19.581270 [debug] [MainThread]: Parsing macros/materializations/models/incremental/is_incremental.sql
15:48:19.583208 [debug] [MainThread]: Parsing macros/materializations/models/incremental/incremental.sql
15:48:19.595674 [debug] [MainThread]: Parsing macros/materializations/models/incremental/on_schema_change.sql
15:48:19.611531 [debug] [MainThread]: Parsing macros/materializations/models/table/table.sql
15:48:19.619543 [debug] [MainThread]: Parsing macros/materializations/models/table/create_table_as.sql
15:48:19.622709 [debug] [MainThread]: Parsing macros/materializations/models/view/view.sql
15:48:19.630416 [debug] [MainThread]: Parsing macros/materializations/models/view/helpers.sql
15:48:19.631918 [debug] [MainThread]: Parsing macros/materializations/models/view/create_or_replace_view.sql
15:48:19.634933 [debug] [MainThread]: Parsing macros/materializations/models/view/create_view_as.sql
15:48:19.637464 [debug] [MainThread]: Parsing macros/materializations/seeds/seed.sql
15:48:19.644263 [debug] [MainThread]: Parsing macros/materializations/seeds/helpers.sql
15:48:19.661832 [debug] [MainThread]: Parsing macros/get_custom_name/get_custom_alias.sql
15:48:19.663453 [debug] [MainThread]: Parsing macros/get_custom_name/get_custom_schema.sql
15:48:19.666075 [debug] [MainThread]: Parsing macros/get_custom_name/get_custom_database.sql
15:48:19.667744 [debug] [MainThread]: Parsing macros/generic_test_sql/relationships.sql
15:48:19.668712 [debug] [MainThread]: Parsing macros/generic_test_sql/not_null.sql
15:48:19.669596 [debug] [MainThread]: Parsing macros/generic_test_sql/unique.sql
15:48:19.670335 [debug] [MainThread]: Parsing macros/generic_test_sql/accepted_values.sql
15:48:19.671965 [debug] [MainThread]: Parsing macros/etc/statement.sql
15:48:19.676866 [debug] [MainThread]: Parsing macros/etc/datetime.sql
15:48:19.686121 [debug] [MainThread]: Parsing macros/adapters/schema.sql
15:48:19.688483 [debug] [MainThread]: Parsing macros/adapters/indexes.sql
15:48:19.691563 [debug] [MainThread]: Parsing macros/adapters/relation.sql
15:48:19.702055 [debug] [MainThread]: Parsing macros/adapters/freshness.sql
15:48:19.705246 [debug] [MainThread]: Parsing macros/adapters/persist_docs.sql
15:48:19.710120 [debug] [MainThread]: Parsing macros/adapters/metadata.sql
15:48:19.717816 [debug] [MainThread]: Parsing macros/adapters/columns.sql
15:48:19.728463 [debug] [MainThread]: Parsing tests/generic/builtin.sql
15:48:19.940925 [debug] [MainThread]: 1699: static parser successfully parsed employee_names.sql
15:48:19.981445 [debug] [MainThread]: Sending event: {'category': 'dbt', 'action': 'load_project', 'label': '347d9a34-7e24-4302-baae-6dba9e3d3dbe', 'context': [<snowplow_tracker.self_describing_json.SelfDescribingJson object at 0x7f7dd55cb550>]}
15:48:19.986049 [debug] [MainThread]: Sending event: {'category': 'dbt', 'action': 'resource_counts', 'label': '347d9a34-7e24-4302-baae-6dba9e3d3dbe', 'context': [<snowplow_tracker.self_describing_json.SelfDescribingJson object at 0x7f7dd5b18790>]}
15:48:19.986316 [info ] [MainThread]: Found 1 model, 0 tests, 0 snapshots, 0 analyses, 167 macros, 0 operations, 0 seed files, 0 sources, 0 exposures, 0 metrics
15:48:19.986575 [debug] [MainThread]: Sending event: {'category': 'dbt', 'action': 'runnable_timing', 'label': '347d9a34-7e24-4302-baae-6dba9e3d3dbe', 'context': [<snowplow_tracker.self_describing_json.SelfDescribingJson object at 0x7f7dd5b18c90>]}
15:48:19.987660 [info ] [MainThread]: 
15:48:19.988117 [debug] [MainThread]: Acquiring new postgres connection "master"
15:48:19.988745 [debug] [ThreadPool]: Acquiring new postgres connection "list_dbt_training"
15:48:20.000628 [debug] [ThreadPool]: Using postgres connection "list_dbt_training"
15:48:20.000880 [debug] [ThreadPool]: On list_dbt_training: /* {"app": "dbt", "dbt_version": "1.1.0", "profile_name": "dbt_training_dw", "target_name": "dev", "connection_name": "list_dbt_training"} */

    select distinct nspname from pg_namespace
  
15:48:20.001056 [debug] [ThreadPool]: Opening a new connection, currently in state init
15:48:20.094408 [debug] [ThreadPool]: Postgres adapter: Got an error when attempting to open a postgres connection: 'connection to server at "localhost" (::1), port 5432 failed: FATAL:  database "dbt_training" does not exist
'
15:48:20.094773 [debug] [ThreadPool]: Postgres adapter: Error running SQL: /* {"app": "dbt", "dbt_version": "1.1.0", "profile_name": "dbt_training_dw", "target_name": "dev", "connection_name": "list_dbt_training"} */

    select distinct nspname from pg_namespace
  
15:48:20.094945 [debug] [ThreadPool]: Postgres adapter: Rolling back transaction.
15:48:20.095166 [debug] [ThreadPool]: Postgres adapter: Error running SQL: macro list_schemas
15:48:20.095337 [debug] [ThreadPool]: Postgres adapter: Rolling back transaction.
15:48:20.095533 [debug] [ThreadPool]: On list_dbt_training: No close available on handle
15:48:20.096179 [debug] [MainThread]: Connection 'master' was properly closed.
15:48:20.096374 [debug] [MainThread]: Connection 'list_dbt_training' was properly closed.
15:48:20.096793 [debug] [MainThread]: Sending event: {'category': 'dbt', 'action': 'invocation', 'label': 'end', 'context': [<snowplow_tracker.self_describing_json.SelfDescribingJson object at 0x7f7dd59fa4d0>, <snowplow_tracker.self_describing_json.SelfDescribingJson object at 0x7f7dd59fa590>, <snowplow_tracker.self_describing_json.SelfDescribingJson object at 0x7f7dd59fa2d0>]}


============================== 2022-05-17 15:48:40.483044 | 3503d3c7-777d-4e47-b8e5-b4839571852d ==============================
15:48:40.483069 [info ] [MainThread]: Running with dbt=1.1.0
15:48:40.484294 [debug] [MainThread]: running dbt with arguments {'write_json': True, 'use_colors': True, 'printer_width': 80, 'version_check': True, 'partial_parse': True, 'static_parser': True, 'profiles_dir': '/Users/haratodaisuke/.dbt', 'send_anonymous_usage_stats': True, 'event_buffer_size': 100000, 'quiet': False, 'no_print': False, 'which': 'run', 'rpc_method': 'run', 'indirect_selection': 'eager'}
15:48:40.484534 [debug] [MainThread]: Tracking: tracking
15:48:40.503783 [debug] [MainThread]: Sending event: {'category': 'dbt', 'action': 'invocation', 'label': 'start', 'context': [<snowplow_tracker.self_describing_json.SelfDescribingJson object at 0x7feff4c12cd0>, <snowplow_tracker.self_describing_json.SelfDescribingJson object at 0x7feff4b1c4d0>, <snowplow_tracker.self_describing_json.SelfDescribingJson object at 0x7feff4beaf10>]}
15:48:40.531037 [info ] [MainThread]: Unable to do partial parsing because profile has changed
15:48:40.531483 [debug] [MainThread]: Sending event: {'category': 'dbt', 'action': 'partial_parser', 'label': '3503d3c7-777d-4e47-b8e5-b4839571852d', 'context': [<snowplow_tracker.self_describing_json.SelfDescribingJson object at 0x7feff4c96f50>]}
15:48:40.557184 [debug] [MainThread]: Parsing macros/catalog.sql
15:48:40.561549 [debug] [MainThread]: Parsing macros/relations.sql
15:48:40.563296 [debug] [MainThread]: Parsing macros/adapters.sql
15:48:40.592384 [debug] [MainThread]: Parsing macros/materializations/snapshot_merge.sql
15:48:40.594649 [debug] [MainThread]: Parsing macros/materializations/hooks.sql
15:48:40.599674 [debug] [MainThread]: Parsing macros/materializations/configs.sql
15:48:40.602659 [debug] [MainThread]: Parsing macros/materializations/snapshots/snapshot_merge.sql
15:48:40.604854 [debug] [MainThread]: Parsing macros/materializations/snapshots/strategies.sql
15:48:40.656755 [debug] [MainThread]: Parsing macros/materializations/snapshots/helpers.sql
15:48:40.674930 [debug] [MainThread]: Parsing macros/materializations/snapshots/snapshot.sql
15:48:40.689774 [debug] [MainThread]: Parsing macros/materializations/tests/test.sql
15:48:40.696187 [debug] [MainThread]: Parsing macros/materializations/tests/helpers.sql
15:48:40.698605 [debug] [MainThread]: Parsing macros/materializations/tests/where_subquery.sql
15:48:40.700980 [debug] [MainThread]: Parsing macros/materializations/models/incremental/column_helpers.sql
15:48:40.706876 [debug] [MainThread]: Parsing macros/materializations/models/incremental/merge.sql
15:48:40.726595 [debug] [MainThread]: Parsing macros/materializations/models/incremental/is_incremental.sql
15:48:40.728404 [debug] [MainThread]: Parsing macros/materializations/models/incremental/incremental.sql
15:48:40.740028 [debug] [MainThread]: Parsing macros/materializations/models/incremental/on_schema_change.sql
15:48:40.756732 [debug] [MainThread]: Parsing macros/materializations/models/table/table.sql
15:48:40.765163 [debug] [MainThread]: Parsing macros/materializations/models/table/create_table_as.sql
15:48:40.768479 [debug] [MainThread]: Parsing macros/materializations/models/view/view.sql
15:48:40.776584 [debug] [MainThread]: Parsing macros/materializations/models/view/helpers.sql
15:48:40.778156 [debug] [MainThread]: Parsing macros/materializations/models/view/create_or_replace_view.sql
15:48:40.781188 [debug] [MainThread]: Parsing macros/materializations/models/view/create_view_as.sql
15:48:40.783790 [debug] [MainThread]: Parsing macros/materializations/seeds/seed.sql
15:48:40.790964 [debug] [MainThread]: Parsing macros/materializations/seeds/helpers.sql
15:48:40.809082 [debug] [MainThread]: Parsing macros/get_custom_name/get_custom_alias.sql
15:48:40.810828 [debug] [MainThread]: Parsing macros/get_custom_name/get_custom_schema.sql
15:48:40.813561 [debug] [MainThread]: Parsing macros/get_custom_name/get_custom_database.sql
15:48:40.815309 [debug] [MainThread]: Parsing macros/generic_test_sql/relationships.sql
15:48:40.816280 [debug] [MainThread]: Parsing macros/generic_test_sql/not_null.sql
15:48:40.817198 [debug] [MainThread]: Parsing macros/generic_test_sql/unique.sql
15:48:40.817968 [debug] [MainThread]: Parsing macros/generic_test_sql/accepted_values.sql
15:48:40.819634 [debug] [MainThread]: Parsing macros/etc/statement.sql
15:48:40.824763 [debug] [MainThread]: Parsing macros/etc/datetime.sql
15:48:40.834163 [debug] [MainThread]: Parsing macros/adapters/schema.sql
15:48:40.836713 [debug] [MainThread]: Parsing macros/adapters/indexes.sql
15:48:40.839812 [debug] [MainThread]: Parsing macros/adapters/relation.sql
15:48:40.850500 [debug] [MainThread]: Parsing macros/adapters/freshness.sql
15:48:40.853779 [debug] [MainThread]: Parsing macros/adapters/persist_docs.sql
15:48:40.858929 [debug] [MainThread]: Parsing macros/adapters/metadata.sql
15:48:40.867061 [debug] [MainThread]: Parsing macros/adapters/columns.sql
15:48:40.878307 [debug] [MainThread]: Parsing tests/generic/builtin.sql
15:48:41.099436 [debug] [MainThread]: 1699: static parser successfully parsed employee_names.sql
15:48:41.139868 [debug] [MainThread]: Sending event: {'category': 'dbt', 'action': 'load_project', 'label': '3503d3c7-777d-4e47-b8e5-b4839571852d', 'context': [<snowplow_tracker.self_describing_json.SelfDescribingJson object at 0x7feff4bea210>]}
15:48:41.144572 [debug] [MainThread]: Sending event: {'category': 'dbt', 'action': 'resource_counts', 'label': '3503d3c7-777d-4e47-b8e5-b4839571852d', 'context': [<snowplow_tracker.self_describing_json.SelfDescribingJson object at 0x7feff49d5890>]}
15:48:41.144913 [info ] [MainThread]: Found 1 model, 0 tests, 0 snapshots, 0 analyses, 167 macros, 0 operations, 0 seed files, 0 sources, 0 exposures, 0 metrics
15:48:41.145236 [debug] [MainThread]: Sending event: {'category': 'dbt', 'action': 'runnable_timing', 'label': '3503d3c7-777d-4e47-b8e5-b4839571852d', 'context': [<snowplow_tracker.self_describing_json.SelfDescribingJson object at 0x7feff4cbda10>]}
15:48:41.146312 [info ] [MainThread]: 
15:48:41.146810 [debug] [MainThread]: Acquiring new postgres connection "master"
15:48:41.147477 [debug] [ThreadPool]: Acquiring new postgres connection "list_dbt_training"
15:48:41.159839 [debug] [ThreadPool]: Using postgres connection "list_dbt_training"
15:48:41.160164 [debug] [ThreadPool]: On list_dbt_training: /* {"app": "dbt", "dbt_version": "1.1.0", "profile_name": "dbt_training_dw", "target_name": "dev", "connection_name": "list_dbt_training"} */

    select distinct nspname from pg_namespace
  
15:48:41.160377 [debug] [ThreadPool]: Opening a new connection, currently in state init
15:48:41.164422 [debug] [ThreadPool]: Postgres adapter: Got an error when attempting to open a postgres connection: 'connection to server at "localhost" (::1), port 203 failed: Connection refused
	Is the server running on that host and accepting TCP/IP connections?
connection to server at "localhost" (127.0.0.1), port 203 failed: Connection refused
	Is the server running on that host and accepting TCP/IP connections?
'
15:48:41.164740 [debug] [ThreadPool]: Postgres adapter: Error running SQL: /* {"app": "dbt", "dbt_version": "1.1.0", "profile_name": "dbt_training_dw", "target_name": "dev", "connection_name": "list_dbt_training"} */

    select distinct nspname from pg_namespace
  
15:48:41.164913 [debug] [ThreadPool]: Postgres adapter: Rolling back transaction.
15:48:41.165129 [debug] [ThreadPool]: Postgres adapter: Error running SQL: macro list_schemas
15:48:41.165297 [debug] [ThreadPool]: Postgres adapter: Rolling back transaction.
15:48:41.165490 [debug] [ThreadPool]: On list_dbt_training: No close available on handle
15:48:41.166078 [debug] [MainThread]: Connection 'master' was properly closed.
15:48:41.166287 [debug] [MainThread]: Connection 'list_dbt_training' was properly closed.
15:48:41.166712 [debug] [MainThread]: Sending event: {'category': 'dbt', 'action': 'invocation', 'label': 'end', 'context': [<snowplow_tracker.self_describing_json.SelfDescribingJson object at 0x7feff49d5ad0>, <snowplow_tracker.self_describing_json.SelfDescribingJson object at 0x7feff4b21210>, <snowplow_tracker.self_describing_json.SelfDescribingJson object at 0x7feff4b21610>]}


============================== 2022-05-17 15:48:56.335088 | 682bfcc3-a023-4893-88fe-96f35e62eef0 ==============================
15:48:56.335164 [info ] [MainThread]: Running with dbt=1.1.0
15:48:56.336439 [debug] [MainThread]: running dbt with arguments {'write_json': True, 'use_colors': True, 'printer_width': 80, 'version_check': True, 'partial_parse': True, 'static_parser': True, 'profiles_dir': '/Users/haratodaisuke/.dbt', 'send_anonymous_usage_stats': True, 'event_buffer_size': 100000, 'quiet': False, 'no_print': False, 'which': 'run', 'rpc_method': 'run', 'indirect_selection': 'eager'}
15:48:56.336690 [debug] [MainThread]: Tracking: tracking
15:48:56.360976 [debug] [MainThread]: Sending event: {'category': 'dbt', 'action': 'invocation', 'label': 'start', 'context': [<snowplow_tracker.self_describing_json.SelfDescribingJson object at 0x7fe8352caf50>, <snowplow_tracker.self_describing_json.SelfDescribingJson object at 0x7fe8352ca7d0>, <snowplow_tracker.self_describing_json.SelfDescribingJson object at 0x7fe8352ca6d0>]}
15:48:56.385647 [info ] [MainThread]: Unable to do partial parsing because profile has changed
15:48:56.386106 [debug] [MainThread]: Sending event: {'category': 'dbt', 'action': 'partial_parser', 'label': '682bfcc3-a023-4893-88fe-96f35e62eef0', 'context': [<snowplow_tracker.self_describing_json.SelfDescribingJson object at 0x7fe835356fd0>]}
15:48:56.409601 [debug] [MainThread]: Parsing macros/catalog.sql
15:48:56.414648 [debug] [MainThread]: Parsing macros/relations.sql
15:48:56.416546 [debug] [MainThread]: Parsing macros/adapters.sql
15:48:56.446545 [debug] [MainThread]: Parsing macros/materializations/snapshot_merge.sql
15:48:56.448778 [debug] [MainThread]: Parsing macros/materializations/hooks.sql
15:48:56.453972 [debug] [MainThread]: Parsing macros/materializations/configs.sql
15:48:56.457119 [debug] [MainThread]: Parsing macros/materializations/snapshots/snapshot_merge.sql
15:48:56.459187 [debug] [MainThread]: Parsing macros/materializations/snapshots/strategies.sql
15:48:56.511304 [debug] [MainThread]: Parsing macros/materializations/snapshots/helpers.sql
15:48:56.530245 [debug] [MainThread]: Parsing macros/materializations/snapshots/snapshot.sql
15:48:56.546176 [debug] [MainThread]: Parsing macros/materializations/tests/test.sql
15:48:56.552519 [debug] [MainThread]: Parsing macros/materializations/tests/helpers.sql
15:48:56.554963 [debug] [MainThread]: Parsing macros/materializations/tests/where_subquery.sql
15:48:56.557369 [debug] [MainThread]: Parsing macros/materializations/models/incremental/column_helpers.sql
15:48:56.563542 [debug] [MainThread]: Parsing macros/materializations/models/incremental/merge.sql
15:48:56.584646 [debug] [MainThread]: Parsing macros/materializations/models/incremental/is_incremental.sql
15:48:56.586701 [debug] [MainThread]: Parsing macros/materializations/models/incremental/incremental.sql
15:48:56.600411 [debug] [MainThread]: Parsing macros/materializations/models/incremental/on_schema_change.sql
15:48:56.619837 [debug] [MainThread]: Parsing macros/materializations/models/table/table.sql
15:48:56.629254 [debug] [MainThread]: Parsing macros/materializations/models/table/create_table_as.sql
15:48:56.632593 [debug] [MainThread]: Parsing macros/materializations/models/view/view.sql
15:48:56.640463 [debug] [MainThread]: Parsing macros/materializations/models/view/helpers.sql
15:48:56.641985 [debug] [MainThread]: Parsing macros/materializations/models/view/create_or_replace_view.sql
15:48:56.645233 [debug] [MainThread]: Parsing macros/materializations/models/view/create_view_as.sql
15:48:56.647897 [debug] [MainThread]: Parsing macros/materializations/seeds/seed.sql
15:48:56.654962 [debug] [MainThread]: Parsing macros/materializations/seeds/helpers.sql
15:48:56.673005 [debug] [MainThread]: Parsing macros/get_custom_name/get_custom_alias.sql
15:48:56.674762 [debug] [MainThread]: Parsing macros/get_custom_name/get_custom_schema.sql
15:48:56.677689 [debug] [MainThread]: Parsing macros/get_custom_name/get_custom_database.sql
15:48:56.679428 [debug] [MainThread]: Parsing macros/generic_test_sql/relationships.sql
15:48:56.680378 [debug] [MainThread]: Parsing macros/generic_test_sql/not_null.sql
15:48:56.681301 [debug] [MainThread]: Parsing macros/generic_test_sql/unique.sql
15:48:56.682096 [debug] [MainThread]: Parsing macros/generic_test_sql/accepted_values.sql
15:48:56.683771 [debug] [MainThread]: Parsing macros/etc/statement.sql
15:48:56.688741 [debug] [MainThread]: Parsing macros/etc/datetime.sql
15:48:56.698368 [debug] [MainThread]: Parsing macros/adapters/schema.sql
15:48:56.700886 [debug] [MainThread]: Parsing macros/adapters/indexes.sql
15:48:56.703920 [debug] [MainThread]: Parsing macros/adapters/relation.sql
15:48:56.714699 [debug] [MainThread]: Parsing macros/adapters/freshness.sql
15:48:56.718005 [debug] [MainThread]: Parsing macros/adapters/persist_docs.sql
15:48:56.722953 [debug] [MainThread]: Parsing macros/adapters/metadata.sql
15:48:56.731239 [debug] [MainThread]: Parsing macros/adapters/columns.sql
15:48:56.742108 [debug] [MainThread]: Parsing tests/generic/builtin.sql
15:48:56.961045 [debug] [MainThread]: 1699: static parser successfully parsed employee_names.sql
15:48:57.000028 [debug] [MainThread]: Sending event: {'category': 'dbt', 'action': 'load_project', 'label': '682bfcc3-a023-4893-88fe-96f35e62eef0', 'context': [<snowplow_tracker.self_describing_json.SelfDescribingJson object at 0x7fe8353be850>]}
15:48:57.005459 [debug] [MainThread]: Sending event: {'category': 'dbt', 'action': 'resource_counts', 'label': '682bfcc3-a023-4893-88fe-96f35e62eef0', 'context': [<snowplow_tracker.self_describing_json.SelfDescribingJson object at 0x7fe83534ac10>]}
15:48:57.005893 [info ] [MainThread]: Found 1 model, 0 tests, 0 snapshots, 0 analyses, 167 macros, 0 operations, 0 seed files, 0 sources, 0 exposures, 0 metrics
15:48:57.006272 [debug] [MainThread]: Sending event: {'category': 'dbt', 'action': 'runnable_timing', 'label': '682bfcc3-a023-4893-88fe-96f35e62eef0', 'context': [<snowplow_tracker.self_describing_json.SelfDescribingJson object at 0x7fe83537c350>]}
15:48:57.007533 [info ] [MainThread]: 
15:48:57.008078 [debug] [MainThread]: Acquiring new postgres connection "master"
15:48:57.008848 [debug] [ThreadPool]: Acquiring new postgres connection "list_dbt_training"
15:48:57.021365 [debug] [ThreadPool]: Using postgres connection "list_dbt_training"
15:48:57.021619 [debug] [ThreadPool]: On list_dbt_training: /* {"app": "dbt", "dbt_version": "1.1.0", "profile_name": "dbt_training_dw", "target_name": "dev", "connection_name": "list_dbt_training"} */

    select distinct nspname from pg_namespace
  
15:48:57.021793 [debug] [ThreadPool]: Opening a new connection, currently in state init
15:48:57.063422 [debug] [ThreadPool]: Postgres adapter: Got an error when attempting to open a postgres connection: 'connection to server at "localhost" (::1), port 8610 failed: FATAL:  password authentication failed for user "admin"
'
15:48:57.063790 [debug] [ThreadPool]: Postgres adapter: Error running SQL: /* {"app": "dbt", "dbt_version": "1.1.0", "profile_name": "dbt_training_dw", "target_name": "dev", "connection_name": "list_dbt_training"} */

    select distinct nspname from pg_namespace
  
15:48:57.063968 [debug] [ThreadPool]: Postgres adapter: Rolling back transaction.
15:48:57.064183 [debug] [ThreadPool]: Postgres adapter: Error running SQL: macro list_schemas
15:48:57.064348 [debug] [ThreadPool]: Postgres adapter: Rolling back transaction.
15:48:57.064541 [debug] [ThreadPool]: On list_dbt_training: No close available on handle
15:48:57.065127 [debug] [MainThread]: Connection 'master' was properly closed.
15:48:57.065330 [debug] [MainThread]: Connection 'list_dbt_training' was properly closed.
15:48:57.065783 [debug] [MainThread]: Sending event: {'category': 'dbt', 'action': 'invocation', 'label': 'end', 'context': [<snowplow_tracker.self_describing_json.SelfDescribingJson object at 0x7fe83537c350>, <snowplow_tracker.self_describing_json.SelfDescribingJson object at 0x7fe8353b5d10>, <snowplow_tracker.self_describing_json.SelfDescribingJson object at 0x7fe8352b8950>]}


============================== 2022-05-17 15:49:44.888468 | d0b1f1a8-2d5f-46b7-b4cd-a12d7b3a16c7 ==============================
15:49:44.888526 [info ] [MainThread]: Running with dbt=1.1.0
15:49:44.890096 [debug] [MainThread]: running dbt with arguments {'write_json': True, 'use_colors': True, 'printer_width': 80, 'version_check': True, 'partial_parse': True, 'static_parser': True, 'profiles_dir': '/Users/haratodaisuke/.dbt', 'send_anonymous_usage_stats': True, 'event_buffer_size': 100000, 'quiet': False, 'no_print': False, 'which': 'run', 'rpc_method': 'run', 'indirect_selection': 'eager'}
15:49:44.890375 [debug] [MainThread]: Tracking: tracking
15:49:44.913809 [debug] [MainThread]: Sending event: {'category': 'dbt', 'action': 'invocation', 'label': 'start', 'context': [<snowplow_tracker.self_describing_json.SelfDescribingJson object at 0x7fe70aad8ed0>, <snowplow_tracker.self_describing_json.SelfDescribingJson object at 0x7fe70aabff90>, <snowplow_tracker.self_describing_json.SelfDescribingJson object at 0x7fe70aadafd0>]}
15:49:44.967119 [debug] [MainThread]: Partial parsing enabled: 0 files deleted, 0 files added, 0 files changed.
15:49:44.967482 [debug] [MainThread]: Partial parsing enabled, no changes found, skipping parsing
15:49:44.976028 [debug] [MainThread]: Sending event: {'category': 'dbt', 'action': 'load_project', 'label': 'd0b1f1a8-2d5f-46b7-b4cd-a12d7b3a16c7', 'context': [<snowplow_tracker.self_describing_json.SelfDescribingJson object at 0x7fe70a6de490>]}
15:49:44.982206 [debug] [MainThread]: Sending event: {'category': 'dbt', 'action': 'resource_counts', 'label': 'd0b1f1a8-2d5f-46b7-b4cd-a12d7b3a16c7', 'context': [<snowplow_tracker.self_describing_json.SelfDescribingJson object at 0x7fe70a9fbbd0>]}
15:49:44.982607 [info ] [MainThread]: Found 1 model, 0 tests, 0 snapshots, 0 analyses, 167 macros, 0 operations, 0 seed files, 0 sources, 0 exposures, 0 metrics
15:49:44.982978 [debug] [MainThread]: Sending event: {'category': 'dbt', 'action': 'runnable_timing', 'label': 'd0b1f1a8-2d5f-46b7-b4cd-a12d7b3a16c7', 'context': [<snowplow_tracker.self_describing_json.SelfDescribingJson object at 0x7fe70ab2c610>]}
15:49:44.984419 [info ] [MainThread]: 
15:49:44.984995 [debug] [MainThread]: Acquiring new postgres connection "master"
15:49:44.985839 [debug] [ThreadPool]: Acquiring new postgres connection "list_dbt_training"
15:49:45.029246 [debug] [ThreadPool]: Using postgres connection "list_dbt_training"
15:49:45.029528 [debug] [ThreadPool]: On list_dbt_training: /* {"app": "dbt", "dbt_version": "1.1.0", "profile_name": "dbt_training_dw", "target_name": "dev", "connection_name": "list_dbt_training"} */

    select distinct nspname from pg_namespace
  
15:49:45.029725 [debug] [ThreadPool]: Opening a new connection, currently in state init
15:49:45.072214 [debug] [ThreadPool]: Postgres adapter: Got an error when attempting to open a postgres connection: 'connection to server at "localhost" (::1), port 8610 failed: FATAL:  password authentication failed for user "admin"
'
15:49:45.072718 [debug] [ThreadPool]: Postgres adapter: Error running SQL: /* {"app": "dbt", "dbt_version": "1.1.0", "profile_name": "dbt_training_dw", "target_name": "dev", "connection_name": "list_dbt_training"} */

    select distinct nspname from pg_namespace
  
15:49:45.072925 [debug] [ThreadPool]: Postgres adapter: Rolling back transaction.
15:49:45.073171 [debug] [ThreadPool]: Postgres adapter: Error running SQL: macro list_schemas
15:49:45.073377 [debug] [ThreadPool]: Postgres adapter: Rolling back transaction.
15:49:45.073599 [debug] [ThreadPool]: On list_dbt_training: No close available on handle
15:49:45.074322 [debug] [MainThread]: Connection 'master' was properly closed.
15:49:45.074529 [debug] [MainThread]: Connection 'list_dbt_training' was properly closed.
15:49:45.075053 [debug] [MainThread]: Sending event: {'category': 'dbt', 'action': 'invocation', 'label': 'end', 'context': [<snowplow_tracker.self_describing_json.SelfDescribingJson object at 0x7fe70aab3410>, <snowplow_tracker.self_describing_json.SelfDescribingJson object at 0x7fe70aab3950>, <snowplow_tracker.self_describing_json.SelfDescribingJson object at 0x7fe70aab3350>]}


============================== 2022-05-17 15:50:54.762982 | f3153df2-c765-4aec-a527-631e520907ca ==============================
15:50:54.763038 [info ] [MainThread]: Running with dbt=1.1.0
15:50:54.764029 [debug] [MainThread]: running dbt with arguments {'write_json': True, 'use_colors': True, 'printer_width': 80, 'version_check': True, 'partial_parse': True, 'static_parser': True, 'profiles_dir': '/Users/haratodaisuke/.dbt', 'send_anonymous_usage_stats': True, 'event_buffer_size': 100000, 'quiet': False, 'no_print': False, 'which': 'run', 'rpc_method': 'run', 'indirect_selection': 'eager'}
15:50:54.764253 [debug] [MainThread]: Tracking: tracking
15:50:54.781302 [debug] [MainThread]: Sending event: {'category': 'dbt', 'action': 'invocation', 'label': 'start', 'context': [<snowplow_tracker.self_describing_json.SelfDescribingJson object at 0x7fd597be8cd0>, <snowplow_tracker.self_describing_json.SelfDescribingJson object at 0x7fd597b3a890>, <snowplow_tracker.self_describing_json.SelfDescribingJson object at 0x7fd597b3a210>]}
15:50:54.819722 [debug] [MainThread]: Partial parsing enabled: 0 files deleted, 0 files added, 0 files changed.
15:50:54.819964 [debug] [MainThread]: Partial parsing enabled, no changes found, skipping parsing
15:50:54.826997 [debug] [MainThread]: Sending event: {'category': 'dbt', 'action': 'load_project', 'label': 'f3153df2-c765-4aec-a527-631e520907ca', 'context': [<snowplow_tracker.self_describing_json.SelfDescribingJson object at 0x7fd597c16650>]}
15:50:54.832528 [debug] [MainThread]: Sending event: {'category': 'dbt', 'action': 'resource_counts', 'label': 'f3153df2-c765-4aec-a527-631e520907ca', 'context': [<snowplow_tracker.self_describing_json.SelfDescribingJson object at 0x7fd597afdb90>]}
15:50:54.832904 [info ] [MainThread]: Found 1 model, 0 tests, 0 snapshots, 0 analyses, 167 macros, 0 operations, 0 seed files, 0 sources, 0 exposures, 0 metrics
15:50:54.833247 [debug] [MainThread]: Sending event: {'category': 'dbt', 'action': 'runnable_timing', 'label': 'f3153df2-c765-4aec-a527-631e520907ca', 'context': [<snowplow_tracker.self_describing_json.SelfDescribingJson object at 0x7fd597be2ed0>]}
15:50:54.834633 [info ] [MainThread]: 
15:50:54.835192 [debug] [MainThread]: Acquiring new postgres connection "master"
15:50:54.835973 [debug] [ThreadPool]: Acquiring new postgres connection "list_dbt_training"
15:50:54.878253 [debug] [ThreadPool]: Using postgres connection "list_dbt_training"
15:50:54.878518 [debug] [ThreadPool]: On list_dbt_training: /* {"app": "dbt", "dbt_version": "1.1.0", "profile_name": "dbt_training_dw", "target_name": "dev", "connection_name": "list_dbt_training"} */

    select distinct nspname from pg_namespace
  
15:50:54.878712 [debug] [ThreadPool]: Opening a new connection, currently in state init
15:50:54.899948 [debug] [ThreadPool]: Postgres adapter: Got an error when attempting to open a postgres connection: 'connection to server at "localhost" (::1), port 8610 failed: FATAL:  password authentication failed for user "admin"
'
15:50:54.900334 [debug] [ThreadPool]: Postgres adapter: Error running SQL: /* {"app": "dbt", "dbt_version": "1.1.0", "profile_name": "dbt_training_dw", "target_name": "dev", "connection_name": "list_dbt_training"} */

    select distinct nspname from pg_namespace
  
15:50:54.900520 [debug] [ThreadPool]: Postgres adapter: Rolling back transaction.
15:50:54.900753 [debug] [ThreadPool]: Postgres adapter: Error running SQL: macro list_schemas
15:50:54.900934 [debug] [ThreadPool]: Postgres adapter: Rolling back transaction.
15:50:54.901174 [debug] [ThreadPool]: On list_dbt_training: No close available on handle
15:50:54.901822 [debug] [MainThread]: Connection 'master' was properly closed.
15:50:54.902031 [debug] [MainThread]: Connection 'list_dbt_training' was properly closed.
15:50:54.902478 [debug] [MainThread]: Sending event: {'category': 'dbt', 'action': 'invocation', 'label': 'end', 'context': [<snowplow_tracker.self_describing_json.SelfDescribingJson object at 0x7fd597bc1250>, <snowplow_tracker.self_describing_json.SelfDescribingJson object at 0x7fd597bc14d0>, <snowplow_tracker.self_describing_json.SelfDescribingJson object at 0x7fd597bc1a50>]}


============================== 2022-05-17 15:51:12.039140 | 8e046ab0-192c-4a74-b14a-b7423ba12446 ==============================
15:51:12.039181 [info ] [MainThread]: Running with dbt=1.1.0
15:51:12.040321 [debug] [MainThread]: running dbt with arguments {'write_json': True, 'use_colors': True, 'printer_width': 80, 'version_check': True, 'partial_parse': True, 'static_parser': True, 'profiles_dir': '/Users/haratodaisuke/.dbt', 'send_anonymous_usage_stats': True, 'event_buffer_size': 100000, 'quiet': False, 'no_print': False, 'which': 'run', 'rpc_method': 'run', 'indirect_selection': 'eager'}
15:51:12.040545 [debug] [MainThread]: Tracking: tracking
15:51:12.062908 [debug] [MainThread]: Sending event: {'category': 'dbt', 'action': 'invocation', 'label': 'start', 'context': [<snowplow_tracker.self_describing_json.SelfDescribingJson object at 0x7fdb422e8dd0>, <snowplow_tracker.self_describing_json.SelfDescribingJson object at 0x7fdb421f4a50>, <snowplow_tracker.self_describing_json.SelfDescribingJson object at 0x7fdb422e8050>]}
15:51:12.086079 [info ] [MainThread]: Unable to do partial parsing because profile has changed
15:51:12.086463 [debug] [MainThread]: Sending event: {'category': 'dbt', 'action': 'partial_parser', 'label': '8e046ab0-192c-4a74-b14a-b7423ba12446', 'context': [<snowplow_tracker.self_describing_json.SelfDescribingJson object at 0x7fdb42386f50>]}
15:51:12.110226 [debug] [MainThread]: Parsing macros/catalog.sql
15:51:12.114552 [debug] [MainThread]: Parsing macros/relations.sql
15:51:12.116320 [debug] [MainThread]: Parsing macros/adapters.sql
15:51:12.145012 [debug] [MainThread]: Parsing macros/materializations/snapshot_merge.sql
15:51:12.147210 [debug] [MainThread]: Parsing macros/materializations/hooks.sql
15:51:12.152386 [debug] [MainThread]: Parsing macros/materializations/configs.sql
15:51:12.155422 [debug] [MainThread]: Parsing macros/materializations/snapshots/snapshot_merge.sql
15:51:12.157498 [debug] [MainThread]: Parsing macros/materializations/snapshots/strategies.sql
15:51:12.209260 [debug] [MainThread]: Parsing macros/materializations/snapshots/helpers.sql
15:51:12.227764 [debug] [MainThread]: Parsing macros/materializations/snapshots/snapshot.sql
15:51:12.243044 [debug] [MainThread]: Parsing macros/materializations/tests/test.sql
15:51:12.249193 [debug] [MainThread]: Parsing macros/materializations/tests/helpers.sql
15:51:12.251584 [debug] [MainThread]: Parsing macros/materializations/tests/where_subquery.sql
15:51:12.253906 [debug] [MainThread]: Parsing macros/materializations/models/incremental/column_helpers.sql
15:51:12.259676 [debug] [MainThread]: Parsing macros/materializations/models/incremental/merge.sql
15:51:12.280079 [debug] [MainThread]: Parsing macros/materializations/models/incremental/is_incremental.sql
15:51:12.282505 [debug] [MainThread]: Parsing macros/materializations/models/incremental/incremental.sql
15:51:12.295608 [debug] [MainThread]: Parsing macros/materializations/models/incremental/on_schema_change.sql
15:51:12.314790 [debug] [MainThread]: Parsing macros/materializations/models/table/table.sql
15:51:12.324194 [debug] [MainThread]: Parsing macros/materializations/models/table/create_table_as.sql
15:51:12.327670 [debug] [MainThread]: Parsing macros/materializations/models/view/view.sql
15:51:12.336088 [debug] [MainThread]: Parsing macros/materializations/models/view/helpers.sql
15:51:12.337726 [debug] [MainThread]: Parsing macros/materializations/models/view/create_or_replace_view.sql
15:51:12.341874 [debug] [MainThread]: Parsing macros/materializations/models/view/create_view_as.sql
15:51:12.345002 [debug] [MainThread]: Parsing macros/materializations/seeds/seed.sql
15:51:12.353468 [debug] [MainThread]: Parsing macros/materializations/seeds/helpers.sql
15:51:12.374127 [debug] [MainThread]: Parsing macros/get_custom_name/get_custom_alias.sql
15:51:12.376064 [debug] [MainThread]: Parsing macros/get_custom_name/get_custom_schema.sql
15:51:12.379269 [debug] [MainThread]: Parsing macros/get_custom_name/get_custom_database.sql
15:51:12.381428 [debug] [MainThread]: Parsing macros/generic_test_sql/relationships.sql
15:51:12.382703 [debug] [MainThread]: Parsing macros/generic_test_sql/not_null.sql
15:51:12.383854 [debug] [MainThread]: Parsing macros/generic_test_sql/unique.sql
15:51:12.384778 [debug] [MainThread]: Parsing macros/generic_test_sql/accepted_values.sql
15:51:12.386686 [debug] [MainThread]: Parsing macros/etc/statement.sql
15:51:12.392415 [debug] [MainThread]: Parsing macros/etc/datetime.sql
15:51:12.403438 [debug] [MainThread]: Parsing macros/adapters/schema.sql
15:51:12.406236 [debug] [MainThread]: Parsing macros/adapters/indexes.sql
15:51:12.409641 [debug] [MainThread]: Parsing macros/adapters/relation.sql
15:51:12.420561 [debug] [MainThread]: Parsing macros/adapters/freshness.sql
15:51:12.423816 [debug] [MainThread]: Parsing macros/adapters/persist_docs.sql
15:51:12.428829 [debug] [MainThread]: Parsing macros/adapters/metadata.sql
15:51:12.437038 [debug] [MainThread]: Parsing macros/adapters/columns.sql
15:51:12.447944 [debug] [MainThread]: Parsing tests/generic/builtin.sql
15:51:12.662918 [debug] [MainThread]: 1699: static parser successfully parsed employee_names.sql
15:51:12.698661 [debug] [MainThread]: Sending event: {'category': 'dbt', 'action': 'load_project', 'label': '8e046ab0-192c-4a74-b14a-b7423ba12446', 'context': [<snowplow_tracker.self_describing_json.SelfDescribingJson object at 0x7fdb422e6310>]}
15:51:12.703202 [debug] [MainThread]: Sending event: {'category': 'dbt', 'action': 'resource_counts', 'label': '8e046ab0-192c-4a74-b14a-b7423ba12446', 'context': [<snowplow_tracker.self_describing_json.SelfDescribingJson object at 0x7fdb422aab50>]}
15:51:12.703518 [info ] [MainThread]: Found 1 model, 0 tests, 0 snapshots, 0 analyses, 167 macros, 0 operations, 0 seed files, 0 sources, 0 exposures, 0 metrics
15:51:12.703819 [debug] [MainThread]: Sending event: {'category': 'dbt', 'action': 'runnable_timing', 'label': '8e046ab0-192c-4a74-b14a-b7423ba12446', 'context': [<snowplow_tracker.self_describing_json.SelfDescribingJson object at 0x7fdb422aa050>]}
15:51:12.704971 [info ] [MainThread]: 
15:51:12.705467 [debug] [MainThread]: Acquiring new postgres connection "master"
15:51:12.706160 [debug] [ThreadPool]: Acquiring new postgres connection "list_dbt_training"
15:51:12.718467 [debug] [ThreadPool]: Using postgres connection "list_dbt_training"
15:51:12.718708 [debug] [ThreadPool]: On list_dbt_training: /* {"app": "dbt", "dbt_version": "1.1.0", "profile_name": "dbt_training_dw", "target_name": "dev", "connection_name": "list_dbt_training"} */

    select distinct nspname from pg_namespace
  
15:51:12.718872 [debug] [ThreadPool]: Opening a new connection, currently in state init
15:51:12.762294 [debug] [ThreadPool]: SQL status: SELECT 5 in 0.04 seconds
15:51:12.763864 [debug] [ThreadPool]: On list_dbt_training: Close
15:51:12.764976 [debug] [ThreadPool]: Acquiring new postgres connection "list_dbt_training_public"
15:51:12.772314 [debug] [ThreadPool]: Using postgres connection "list_dbt_training_public"
15:51:12.772545 [debug] [ThreadPool]: On list_dbt_training_public: BEGIN
15:51:12.772711 [debug] [ThreadPool]: Opening a new connection, currently in state closed
15:51:12.781204 [debug] [ThreadPool]: SQL status: BEGIN in 0.01 seconds
15:51:12.781464 [debug] [ThreadPool]: Using postgres connection "list_dbt_training_public"
15:51:12.781647 [debug] [ThreadPool]: On list_dbt_training_public: /* {"app": "dbt", "dbt_version": "1.1.0", "profile_name": "dbt_training_dw", "target_name": "dev", "connection_name": "list_dbt_training_public"} */
select
      'dbt_training' as database,
      tablename as name,
      schemaname as schema,
      'table' as type
    from pg_tables
    where schemaname ilike 'public'
    union all
    select
      'dbt_training' as database,
      viewname as name,
      schemaname as schema,
      'view' as type
    from pg_views
    where schemaname ilike 'public'
  
15:51:12.787985 [debug] [ThreadPool]: SQL status: SELECT 0 in 0.01 seconds
15:51:12.789200 [debug] [ThreadPool]: On list_dbt_training_public: ROLLBACK
15:51:12.789476 [debug] [ThreadPool]: On list_dbt_training_public: Close
15:51:12.793805 [debug] [MainThread]: Using postgres connection "master"
15:51:12.794017 [debug] [MainThread]: On master: BEGIN
15:51:12.794246 [debug] [MainThread]: Opening a new connection, currently in state init
15:51:12.803440 [debug] [MainThread]: SQL status: BEGIN in 0.01 seconds
15:51:12.803689 [debug] [MainThread]: Using postgres connection "master"
15:51:12.803862 [debug] [MainThread]: On master: /* {"app": "dbt", "dbt_version": "1.1.0", "profile_name": "dbt_training_dw", "target_name": "dev", "connection_name": "master"} */
with relation as (
        select
            pg_rewrite.ev_class as class,
            pg_rewrite.oid as id
        from pg_rewrite
    ),
    class as (
        select
            oid as id,
            relname as name,
            relnamespace as schema,
            relkind as kind
        from pg_class
    ),
    dependency as (
        select distinct
            pg_depend.objid as id,
            pg_depend.refobjid as ref
        from pg_depend
    ),
    schema as (
        select
            pg_namespace.oid as id,
            pg_namespace.nspname as name
        from pg_namespace
        where nspname != 'information_schema' and nspname not like 'pg\_%'
    ),
    referenced as (
        select
            relation.id AS id,
            referenced_class.name ,
            referenced_class.schema ,
            referenced_class.kind
        from relation
        join class as referenced_class on relation.class=referenced_class.id
        where referenced_class.kind in ('r', 'v')
    ),
    relationships as (
        select
            referenced.name as referenced_name,
            referenced.schema as referenced_schema_id,
            dependent_class.name as dependent_name,
            dependent_class.schema as dependent_schema_id,
            referenced.kind as kind
        from referenced
        join dependency on referenced.id=dependency.id
        join class as dependent_class on dependency.ref=dependent_class.id
        where
            (referenced.name != dependent_class.name or
             referenced.schema != dependent_class.schema)
    )

    select
        referenced_schema.name as referenced_schema,
        relationships.referenced_name as referenced_name,
        dependent_schema.name as dependent_schema,
        relationships.dependent_name as dependent_name
    from relationships
    join schema as dependent_schema on relationships.dependent_schema_id=dependent_schema.id
    join schema as referenced_schema on relationships.referenced_schema_id=referenced_schema.id
    group by referenced_schema, referenced_name, dependent_schema, dependent_name
    order by referenced_schema, referenced_name, dependent_schema, dependent_name;
15:51:12.817848 [debug] [MainThread]: SQL status: SELECT 0 in 0.01 seconds
15:51:12.819166 [debug] [MainThread]: Sending event: {'category': 'dbt', 'action': 'runnable_timing', 'label': '8e046ab0-192c-4a74-b14a-b7423ba12446', 'context': [<snowplow_tracker.self_describing_json.SelfDescribingJson object at 0x7fdb41c93410>]}
15:51:12.819477 [debug] [MainThread]: On master: ROLLBACK
15:51:12.819789 [debug] [MainThread]: Using postgres connection "master"
15:51:12.819994 [debug] [MainThread]: On master: BEGIN
15:51:12.820407 [debug] [MainThread]: SQL status: BEGIN in 0.0 seconds
15:51:12.820613 [debug] [MainThread]: On master: COMMIT
15:51:12.820812 [debug] [MainThread]: Using postgres connection "master"
15:51:12.820982 [debug] [MainThread]: On master: COMMIT
15:51:12.821275 [debug] [MainThread]: SQL status: COMMIT in 0.0 seconds
15:51:12.821497 [debug] [MainThread]: On master: Close
15:51:12.821887 [info ] [MainThread]: Concurrency: 1 threads (target='dev')
15:51:12.822223 [info ] [MainThread]: 
15:51:12.825100 [debug] [Thread-1  ]: Began running node model.dbt_training.employee_names
15:51:12.825448 [info ] [Thread-1  ]: 1 of 1 START view model public.employee_names .................................. [RUN]
15:51:12.825996 [debug] [Thread-1  ]: Acquiring new postgres connection "model.dbt_training.employee_names"
15:51:12.826199 [debug] [Thread-1  ]: Began compiling node model.dbt_training.employee_names
15:51:12.826414 [debug] [Thread-1  ]: Compiling model.dbt_training.employee_names
15:51:12.828182 [debug] [Thread-1  ]: Writing injected SQL for node "model.dbt_training.employee_names"
15:51:12.828916 [debug] [Thread-1  ]: finished collecting timing info
15:51:12.829158 [debug] [Thread-1  ]: Began executing node model.dbt_training.employee_names
15:51:12.860601 [debug] [Thread-1  ]: Writing runtime SQL for node "model.dbt_training.employee_names"
15:51:12.861389 [debug] [Thread-1  ]: Using postgres connection "model.dbt_training.employee_names"
15:51:12.861584 [debug] [Thread-1  ]: On model.dbt_training.employee_names: BEGIN
15:51:12.861741 [debug] [Thread-1  ]: Opening a new connection, currently in state closed
15:51:12.871524 [debug] [Thread-1  ]: SQL status: BEGIN in 0.01 seconds
15:51:12.871773 [debug] [Thread-1  ]: Using postgres connection "model.dbt_training.employee_names"
15:51:12.871945 [debug] [Thread-1  ]: On model.dbt_training.employee_names: /* {"app": "dbt", "dbt_version": "1.1.0", "profile_name": "dbt_training_dw", "target_name": "dev", "node_id": "model.dbt_training.employee_names"} */

  create view "dbt_training"."public"."employee_names__dbt_tmp" as (
    select
	"employee_id",
	concat("first_name", ' ', "last_name") as full_name
from
	"dbt_training"."raw"."employees"
  );
15:51:12.879001 [debug] [Thread-1  ]: SQL status: CREATE VIEW in 0.01 seconds
15:51:12.886707 [debug] [Thread-1  ]: Using postgres connection "model.dbt_training.employee_names"
15:51:12.886941 [debug] [Thread-1  ]: On model.dbt_training.employee_names: /* {"app": "dbt", "dbt_version": "1.1.0", "profile_name": "dbt_training_dw", "target_name": "dev", "node_id": "model.dbt_training.employee_names"} */
alter table "dbt_training"."public"."employee_names__dbt_tmp" rename to "employee_names"
15:51:12.887555 [debug] [Thread-1  ]: SQL status: ALTER TABLE in 0.0 seconds
15:51:12.895438 [debug] [Thread-1  ]: On model.dbt_training.employee_names: COMMIT
15:51:12.895680 [debug] [Thread-1  ]: Using postgres connection "model.dbt_training.employee_names"
15:51:12.895849 [debug] [Thread-1  ]: On model.dbt_training.employee_names: COMMIT
15:51:12.896491 [debug] [Thread-1  ]: SQL status: COMMIT in 0.0 seconds
15:51:12.902339 [debug] [Thread-1  ]: Using postgres connection "model.dbt_training.employee_names"
15:51:12.902556 [debug] [Thread-1  ]: On model.dbt_training.employee_names: /* {"app": "dbt", "dbt_version": "1.1.0", "profile_name": "dbt_training_dw", "target_name": "dev", "node_id": "model.dbt_training.employee_names"} */
drop view if exists "dbt_training"."public"."employee_names__dbt_backup" cascade
15:51:12.903013 [debug] [Thread-1  ]: SQL status: DROP VIEW in 0.0 seconds
15:51:12.904186 [debug] [Thread-1  ]: finished collecting timing info
15:51:12.904396 [debug] [Thread-1  ]: On model.dbt_training.employee_names: Close
15:51:12.904805 [debug] [Thread-1  ]: Sending event: {'category': 'dbt', 'action': 'run_model', 'label': '8e046ab0-192c-4a74-b14a-b7423ba12446', 'context': [<snowplow_tracker.self_describing_json.SelfDescribingJson object at 0x7fdb42646850>]}
15:51:12.905184 [info ] [Thread-1  ]: 1 of 1 OK created view model public.employee_names ............................. [[32mCREATE VIEW[0m in 0.08s]
15:51:12.905657 [debug] [Thread-1  ]: Finished running node model.dbt_training.employee_names
15:51:12.928685 [debug] [MainThread]: Acquiring new postgres connection "master"
15:51:12.932986 [debug] [MainThread]: Using postgres connection "master"
15:51:12.933393 [debug] [MainThread]: On master: BEGIN
15:51:12.933573 [debug] [MainThread]: Opening a new connection, currently in state closed
15:51:12.941896 [debug] [MainThread]: SQL status: BEGIN in 0.01 seconds
15:51:12.959832 [debug] [MainThread]: On master: COMMIT
15:51:12.960102 [debug] [MainThread]: Using postgres connection "master"
15:51:12.960719 [debug] [MainThread]: On master: COMMIT
15:51:12.961121 [debug] [MainThread]: SQL status: COMMIT in 0.0 seconds
15:51:12.961359 [debug] [MainThread]: On master: Close
15:51:12.961817 [info ] [MainThread]: 
15:51:12.962303 [info ] [MainThread]: Finished running 1 view model in 0.26s.
15:51:12.962679 [debug] [MainThread]: Connection 'master' was properly closed.
15:51:12.962865 [debug] [MainThread]: Connection 'model.dbt_training.employee_names' was properly closed.
15:51:12.968444 [info ] [MainThread]: 
15:51:12.968846 [info ] [MainThread]: [32mCompleted successfully[0m
15:51:12.969242 [info ] [MainThread]: 
15:51:12.969572 [info ] [MainThread]: Done. PASS=1 WARN=0 ERROR=0 SKIP=0 TOTAL=1
15:51:12.969990 [debug] [MainThread]: Sending event: {'category': 'dbt', 'action': 'invocation', 'label': 'end', 'context': [<snowplow_tracker.self_describing_json.SelfDescribingJson object at 0x7fdb4252d3d0>, <snowplow_tracker.self_describing_json.SelfDescribingJson object at 0x7fdb421d82d0>, <snowplow_tracker.self_describing_json.SelfDescribingJson object at 0x7fdb421d8190>]}


============================== 2022-05-17 15:57:29.875780 | fc30c0d9-faab-4a60-8370-5e9e8b0cead2 ==============================
15:57:29.875833 [info ] [MainThread]: Running with dbt=1.1.0
15:57:29.877157 [debug] [MainThread]: running dbt with arguments {'write_json': True, 'use_colors': True, 'printer_width': 80, 'version_check': True, 'partial_parse': True, 'static_parser': True, 'profiles_dir': '/Users/haratodaisuke/.dbt', 'send_anonymous_usage_stats': True, 'event_buffer_size': 100000, 'quiet': False, 'no_print': False, 'which': 'run', 'rpc_method': 'run', 'indirect_selection': 'eager'}
15:57:29.877448 [debug] [MainThread]: Tracking: tracking
15:57:29.900355 [debug] [MainThread]: Sending event: {'category': 'dbt', 'action': 'invocation', 'label': 'start', 'context': [<snowplow_tracker.self_describing_json.SelfDescribingJson object at 0x7f840b2c9f10>, <snowplow_tracker.self_describing_json.SelfDescribingJson object at 0x7f840b2c9690>, <snowplow_tracker.self_describing_json.SelfDescribingJson object at 0x7f840b2c9650>]}
15:57:29.952281 [debug] [MainThread]: Partial parsing enabled: 0 files deleted, 0 files added, 0 files changed.
15:57:29.952524 [debug] [MainThread]: Partial parsing enabled, no changes found, skipping parsing
15:57:29.960430 [debug] [MainThread]: Sending event: {'category': 'dbt', 'action': 'load_project', 'label': 'fc30c0d9-faab-4a60-8370-5e9e8b0cead2', 'context': [<snowplow_tracker.self_describing_json.SelfDescribingJson object at 0x7f840b3ca0d0>]}
15:57:29.968041 [debug] [MainThread]: Sending event: {'category': 'dbt', 'action': 'resource_counts', 'label': 'fc30c0d9-faab-4a60-8370-5e9e8b0cead2', 'context': [<snowplow_tracker.self_describing_json.SelfDescribingJson object at 0x7f840b1e5c50>]}
15:57:29.968414 [info ] [MainThread]: Found 1 model, 0 tests, 0 snapshots, 0 analyses, 167 macros, 0 operations, 0 seed files, 0 sources, 0 exposures, 0 metrics
15:57:29.968765 [debug] [MainThread]: Sending event: {'category': 'dbt', 'action': 'runnable_timing', 'label': 'fc30c0d9-faab-4a60-8370-5e9e8b0cead2', 'context': [<snowplow_tracker.self_describing_json.SelfDescribingJson object at 0x7f840b2c97d0>]}
15:57:29.970151 [info ] [MainThread]: 
15:57:29.970699 [debug] [MainThread]: Acquiring new postgres connection "master"
15:57:29.971535 [debug] [ThreadPool]: Acquiring new postgres connection "list_dbt_training"
15:57:30.015312 [debug] [ThreadPool]: Using postgres connection "list_dbt_training"
15:57:30.015596 [debug] [ThreadPool]: On list_dbt_training: /* {"app": "dbt", "dbt_version": "1.1.0", "profile_name": "dbt_training_dw", "target_name": "dev", "connection_name": "list_dbt_training"} */

    select distinct nspname from pg_namespace
  
15:57:30.015810 [debug] [ThreadPool]: Opening a new connection, currently in state init
15:57:30.065640 [debug] [ThreadPool]: SQL status: SELECT 5 in 0.05 seconds
15:57:30.067158 [debug] [ThreadPool]: On list_dbt_training: Close
15:57:30.068159 [debug] [ThreadPool]: Acquiring new postgres connection "list_dbt_training_public"
15:57:30.075531 [debug] [ThreadPool]: Using postgres connection "list_dbt_training_public"
15:57:30.075754 [debug] [ThreadPool]: On list_dbt_training_public: BEGIN
15:57:30.075914 [debug] [ThreadPool]: Opening a new connection, currently in state closed
15:57:30.086375 [debug] [ThreadPool]: SQL status: BEGIN in 0.01 seconds
15:57:30.105591 [debug] [ThreadPool]: Using postgres connection "list_dbt_training_public"
15:57:30.106370 [debug] [ThreadPool]: On list_dbt_training_public: /* {"app": "dbt", "dbt_version": "1.1.0", "profile_name": "dbt_training_dw", "target_name": "dev", "connection_name": "list_dbt_training_public"} */
select
      'dbt_training' as database,
      tablename as name,
      schemaname as schema,
      'table' as type
    from pg_tables
    where schemaname ilike 'public'
    union all
    select
      'dbt_training' as database,
      viewname as name,
      schemaname as schema,
      'view' as type
    from pg_views
    where schemaname ilike 'public'
  
15:57:30.111304 [debug] [ThreadPool]: SQL status: SELECT 1 in 0.0 seconds
15:57:30.113127 [debug] [ThreadPool]: On list_dbt_training_public: ROLLBACK
15:57:30.113610 [debug] [ThreadPool]: On list_dbt_training_public: Close
15:57:30.118775 [debug] [MainThread]: Using postgres connection "master"
15:57:30.133565 [debug] [MainThread]: On master: BEGIN
15:57:30.133919 [debug] [MainThread]: Opening a new connection, currently in state init
15:57:30.144443 [debug] [MainThread]: SQL status: BEGIN in 0.01 seconds
15:57:30.144721 [debug] [MainThread]: Using postgres connection "master"
15:57:30.144915 [debug] [MainThread]: On master: /* {"app": "dbt", "dbt_version": "1.1.0", "profile_name": "dbt_training_dw", "target_name": "dev", "connection_name": "master"} */
with relation as (
        select
            pg_rewrite.ev_class as class,
            pg_rewrite.oid as id
        from pg_rewrite
    ),
    class as (
        select
            oid as id,
            relname as name,
            relnamespace as schema,
            relkind as kind
        from pg_class
    ),
    dependency as (
        select distinct
            pg_depend.objid as id,
            pg_depend.refobjid as ref
        from pg_depend
    ),
    schema as (
        select
            pg_namespace.oid as id,
            pg_namespace.nspname as name
        from pg_namespace
        where nspname != 'information_schema' and nspname not like 'pg\_%'
    ),
    referenced as (
        select
            relation.id AS id,
            referenced_class.name ,
            referenced_class.schema ,
            referenced_class.kind
        from relation
        join class as referenced_class on relation.class=referenced_class.id
        where referenced_class.kind in ('r', 'v')
    ),
    relationships as (
        select
            referenced.name as referenced_name,
            referenced.schema as referenced_schema_id,
            dependent_class.name as dependent_name,
            dependent_class.schema as dependent_schema_id,
            referenced.kind as kind
        from referenced
        join dependency on referenced.id=dependency.id
        join class as dependent_class on dependency.ref=dependent_class.id
        where
            (referenced.name != dependent_class.name or
             referenced.schema != dependent_class.schema)
    )

    select
        referenced_schema.name as referenced_schema,
        relationships.referenced_name as referenced_name,
        dependent_schema.name as dependent_schema,
        relationships.dependent_name as dependent_name
    from relationships
    join schema as dependent_schema on relationships.dependent_schema_id=dependent_schema.id
    join schema as referenced_schema on relationships.referenced_schema_id=referenced_schema.id
    group by referenced_schema, referenced_name, dependent_schema, dependent_name
    order by referenced_schema, referenced_name, dependent_schema, dependent_name;
15:57:30.156308 [debug] [MainThread]: SQL status: SELECT 1 in 0.01 seconds
15:57:30.158130 [debug] [MainThread]: Sending event: {'category': 'dbt', 'action': 'runnable_timing', 'label': 'fc30c0d9-faab-4a60-8370-5e9e8b0cead2', 'context': [<snowplow_tracker.self_describing_json.SelfDescribingJson object at 0x7f840ad32c90>]}
15:57:30.158529 [debug] [MainThread]: On master: ROLLBACK
15:57:30.158919 [debug] [MainThread]: Using postgres connection "master"
15:57:30.159152 [debug] [MainThread]: On master: BEGIN
15:57:30.159666 [debug] [MainThread]: SQL status: BEGIN in 0.0 seconds
15:57:30.159955 [debug] [MainThread]: On master: COMMIT
15:57:30.160195 [debug] [MainThread]: Using postgres connection "master"
15:57:30.160419 [debug] [MainThread]: On master: COMMIT
15:57:30.160826 [debug] [MainThread]: SQL status: COMMIT in 0.0 seconds
15:57:30.161048 [debug] [MainThread]: On master: Close
15:57:30.161481 [info ] [MainThread]: Concurrency: 1 threads (target='dev')
15:57:30.161864 [info ] [MainThread]: 
15:57:30.164112 [debug] [Thread-1  ]: Began running node model.dbt_training.employee_names
15:57:30.164470 [info ] [Thread-1  ]: 1 of 1 START view model public.employee_names .................................. [RUN]
15:57:30.165051 [debug] [Thread-1  ]: Acquiring new postgres connection "model.dbt_training.employee_names"
15:57:30.165263 [debug] [Thread-1  ]: Began compiling node model.dbt_training.employee_names
15:57:30.165461 [debug] [Thread-1  ]: Compiling model.dbt_training.employee_names
15:57:30.167212 [debug] [Thread-1  ]: Writing injected SQL for node "model.dbt_training.employee_names"
15:57:30.167955 [debug] [Thread-1  ]: finished collecting timing info
15:57:30.168188 [debug] [Thread-1  ]: Began executing node model.dbt_training.employee_names
15:57:30.200133 [debug] [Thread-1  ]: Writing runtime SQL for node "model.dbt_training.employee_names"
15:57:30.202568 [debug] [Thread-1  ]: Using postgres connection "model.dbt_training.employee_names"
15:57:30.202786 [debug] [Thread-1  ]: On model.dbt_training.employee_names: BEGIN
15:57:30.202954 [debug] [Thread-1  ]: Opening a new connection, currently in state closed
15:57:30.211765 [debug] [Thread-1  ]: SQL status: BEGIN in 0.01 seconds
15:57:30.212036 [debug] [Thread-1  ]: Using postgres connection "model.dbt_training.employee_names"
15:57:30.212222 [debug] [Thread-1  ]: On model.dbt_training.employee_names: /* {"app": "dbt", "dbt_version": "1.1.0", "profile_name": "dbt_training_dw", "target_name": "dev", "node_id": "model.dbt_training.employee_names"} */

  create view "dbt_training"."public"."employee_names__dbt_tmp" as (
    select
	"employee_id",
	concat("first_name", ' ', "last_name") as full_name
from
	"dbt_training"."raw"."employees"
  );
15:57:30.216246 [debug] [Thread-1  ]: SQL status: CREATE VIEW in 0.0 seconds
15:57:30.223347 [debug] [Thread-1  ]: Using postgres connection "model.dbt_training.employee_names"
15:57:30.223560 [debug] [Thread-1  ]: On model.dbt_training.employee_names: /* {"app": "dbt", "dbt_version": "1.1.0", "profile_name": "dbt_training_dw", "target_name": "dev", "node_id": "model.dbt_training.employee_names"} */
alter table "dbt_training"."public"."employee_names" rename to "employee_names__dbt_backup"
15:57:30.224126 [debug] [Thread-1  ]: SQL status: ALTER TABLE in 0.0 seconds
15:57:30.226559 [debug] [Thread-1  ]: Using postgres connection "model.dbt_training.employee_names"
15:57:30.226742 [debug] [Thread-1  ]: On model.dbt_training.employee_names: /* {"app": "dbt", "dbt_version": "1.1.0", "profile_name": "dbt_training_dw", "target_name": "dev", "node_id": "model.dbt_training.employee_names"} */
alter table "dbt_training"."public"."employee_names__dbt_tmp" rename to "employee_names"
15:57:30.227393 [debug] [Thread-1  ]: SQL status: ALTER TABLE in 0.0 seconds
15:57:30.235770 [debug] [Thread-1  ]: On model.dbt_training.employee_names: COMMIT
15:57:30.235989 [debug] [Thread-1  ]: Using postgres connection "model.dbt_training.employee_names"
15:57:30.236152 [debug] [Thread-1  ]: On model.dbt_training.employee_names: COMMIT
15:57:30.236823 [debug] [Thread-1  ]: SQL status: COMMIT in 0.0 seconds
15:57:30.242215 [debug] [Thread-1  ]: Using postgres connection "model.dbt_training.employee_names"
15:57:30.242419 [debug] [Thread-1  ]: On model.dbt_training.employee_names: /* {"app": "dbt", "dbt_version": "1.1.0", "profile_name": "dbt_training_dw", "target_name": "dev", "node_id": "model.dbt_training.employee_names"} */
drop view if exists "dbt_training"."public"."employee_names__dbt_backup" cascade
15:57:30.244672 [debug] [Thread-1  ]: SQL status: DROP VIEW in 0.0 seconds
15:57:30.246017 [debug] [Thread-1  ]: finished collecting timing info
15:57:30.246240 [debug] [Thread-1  ]: On model.dbt_training.employee_names: Close
15:57:30.246765 [debug] [Thread-1  ]: Sending event: {'category': 'dbt', 'action': 'run_model', 'label': 'fc30c0d9-faab-4a60-8370-5e9e8b0cead2', 'context': [<snowplow_tracker.self_describing_json.SelfDescribingJson object at 0x7f840b2b8890>]}
15:57:30.247203 [info ] [Thread-1  ]: 1 of 1 OK created view model public.employee_names ............................. [[32mCREATE VIEW[0m in 0.08s]
15:57:30.247745 [debug] [Thread-1  ]: Finished running node model.dbt_training.employee_names
15:57:30.267764 [debug] [MainThread]: Acquiring new postgres connection "master"
15:57:30.268041 [debug] [MainThread]: Using postgres connection "master"
15:57:30.268226 [debug] [MainThread]: On master: BEGIN
15:57:30.268395 [debug] [MainThread]: Opening a new connection, currently in state closed
15:57:30.281272 [debug] [MainThread]: SQL status: BEGIN in 0.01 seconds
15:57:30.281558 [debug] [MainThread]: On master: COMMIT
15:57:30.281757 [debug] [MainThread]: Using postgres connection "master"
15:57:30.281934 [debug] [MainThread]: On master: COMMIT
15:57:30.282383 [debug] [MainThread]: SQL status: COMMIT in 0.0 seconds
15:57:30.282621 [debug] [MainThread]: On master: Close
15:57:30.283200 [info ] [MainThread]: 
15:57:30.302972 [info ] [MainThread]: Finished running 1 view model in 0.31s.
15:57:30.303689 [debug] [MainThread]: Connection 'master' was properly closed.
15:57:30.303964 [debug] [MainThread]: Connection 'model.dbt_training.employee_names' was properly closed.
15:57:30.310122 [info ] [MainThread]: 
15:57:30.310542 [info ] [MainThread]: [32mCompleted successfully[0m
15:57:30.310966 [info ] [MainThread]: 
15:57:30.311305 [info ] [MainThread]: Done. PASS=1 WARN=0 ERROR=0 SKIP=0 TOTAL=1
15:57:30.311899 [debug] [MainThread]: Sending event: {'category': 'dbt', 'action': 'invocation', 'label': 'end', 'context': [<snowplow_tracker.self_describing_json.SelfDescribingJson object at 0x7f840b34c390>, <snowplow_tracker.self_describing_json.SelfDescribingJson object at 0x7f840b6037d0>, <snowplow_tracker.self_describing_json.SelfDescribingJson object at 0x7f840b603290>]}


============================== 2022-05-17 16:07:01.449971 | 3afa1f47-33e4-44f4-97c2-3d3d10c31c63 ==============================
16:07:01.450011 [info ] [MainThread]: Running with dbt=1.1.0
16:07:01.451297 [debug] [MainThread]: running dbt with arguments {'write_json': True, 'use_colors': True, 'printer_width': 80, 'version_check': True, 'partial_parse': True, 'static_parser': True, 'profiles_dir': '/Users/haratodaisuke/.dbt', 'send_anonymous_usage_stats': True, 'event_buffer_size': 100000, 'quiet': False, 'no_print': False, 'which': 'run', 'rpc_method': 'run', 'indirect_selection': 'eager'}
16:07:01.451597 [debug] [MainThread]: Tracking: tracking
16:07:01.474649 [debug] [MainThread]: Sending event: {'category': 'dbt', 'action': 'invocation', 'label': 'start', 'context': [<snowplow_tracker.self_describing_json.SelfDescribingJson object at 0x7fac71ae8f10>, <snowplow_tracker.self_describing_json.SelfDescribingJson object at 0x7fac719e7150>, <snowplow_tracker.self_describing_json.SelfDescribingJson object at 0x7fac71ac9f10>]}
16:07:01.499327 [info ] [MainThread]: Unable to do partial parsing because a project config has changed
16:07:01.499733 [debug] [MainThread]: Sending event: {'category': 'dbt', 'action': 'partial_parser', 'label': '3afa1f47-33e4-44f4-97c2-3d3d10c31c63', 'context': [<snowplow_tracker.self_describing_json.SelfDescribingJson object at 0x7fac71b75fd0>]}
16:07:01.522120 [debug] [MainThread]: Parsing macros/catalog.sql
16:07:01.526635 [debug] [MainThread]: Parsing macros/relations.sql
16:07:01.528339 [debug] [MainThread]: Parsing macros/adapters.sql
16:07:01.557375 [debug] [MainThread]: Parsing macros/materializations/snapshot_merge.sql
16:07:01.559571 [debug] [MainThread]: Parsing macros/materializations/hooks.sql
16:07:01.564581 [debug] [MainThread]: Parsing macros/materializations/configs.sql
16:07:01.567537 [debug] [MainThread]: Parsing macros/materializations/snapshots/snapshot_merge.sql
16:07:01.569700 [debug] [MainThread]: Parsing macros/materializations/snapshots/strategies.sql
16:07:01.620787 [debug] [MainThread]: Parsing macros/materializations/snapshots/helpers.sql
16:07:01.639512 [debug] [MainThread]: Parsing macros/materializations/snapshots/snapshot.sql
16:07:01.654843 [debug] [MainThread]: Parsing macros/materializations/tests/test.sql
16:07:01.661123 [debug] [MainThread]: Parsing macros/materializations/tests/helpers.sql
16:07:01.663577 [debug] [MainThread]: Parsing macros/materializations/tests/where_subquery.sql
16:07:01.665994 [debug] [MainThread]: Parsing macros/materializations/models/incremental/column_helpers.sql
16:07:01.672086 [debug] [MainThread]: Parsing macros/materializations/models/incremental/merge.sql
16:07:01.692802 [debug] [MainThread]: Parsing macros/materializations/models/incremental/is_incremental.sql
16:07:01.694837 [debug] [MainThread]: Parsing macros/materializations/models/incremental/incremental.sql
16:07:01.708399 [debug] [MainThread]: Parsing macros/materializations/models/incremental/on_schema_change.sql
16:07:01.727417 [debug] [MainThread]: Parsing macros/materializations/models/table/table.sql
16:07:01.736971 [debug] [MainThread]: Parsing macros/materializations/models/table/create_table_as.sql
16:07:01.740534 [debug] [MainThread]: Parsing macros/materializations/models/view/view.sql
16:07:01.748980 [debug] [MainThread]: Parsing macros/materializations/models/view/helpers.sql
16:07:01.750448 [debug] [MainThread]: Parsing macros/materializations/models/view/create_or_replace_view.sql
16:07:01.753523 [debug] [MainThread]: Parsing macros/materializations/models/view/create_view_as.sql
16:07:01.756096 [debug] [MainThread]: Parsing macros/materializations/seeds/seed.sql
16:07:01.763016 [debug] [MainThread]: Parsing macros/materializations/seeds/helpers.sql
16:07:01.780885 [debug] [MainThread]: Parsing macros/get_custom_name/get_custom_alias.sql
16:07:01.782592 [debug] [MainThread]: Parsing macros/get_custom_name/get_custom_schema.sql
16:07:01.785317 [debug] [MainThread]: Parsing macros/get_custom_name/get_custom_database.sql
16:07:01.787154 [debug] [MainThread]: Parsing macros/generic_test_sql/relationships.sql
16:07:01.788149 [debug] [MainThread]: Parsing macros/generic_test_sql/not_null.sql
16:07:01.789169 [debug] [MainThread]: Parsing macros/generic_test_sql/unique.sql
16:07:01.789992 [debug] [MainThread]: Parsing macros/generic_test_sql/accepted_values.sql
16:07:01.791653 [debug] [MainThread]: Parsing macros/etc/statement.sql
16:07:01.796615 [debug] [MainThread]: Parsing macros/etc/datetime.sql
16:07:01.805930 [debug] [MainThread]: Parsing macros/adapters/schema.sql
16:07:01.808379 [debug] [MainThread]: Parsing macros/adapters/indexes.sql
16:07:01.811401 [debug] [MainThread]: Parsing macros/adapters/relation.sql
16:07:01.822079 [debug] [MainThread]: Parsing macros/adapters/freshness.sql
16:07:01.825343 [debug] [MainThread]: Parsing macros/adapters/persist_docs.sql
16:07:01.830366 [debug] [MainThread]: Parsing macros/adapters/metadata.sql
16:07:01.838431 [debug] [MainThread]: Parsing macros/adapters/columns.sql
16:07:01.849235 [debug] [MainThread]: Parsing tests/generic/builtin.sql
16:07:02.066649 [debug] [MainThread]: 1699: static parser successfully parsed materialized_dwh/employee_names.sql
16:07:02.102751 [debug] [MainThread]: Sending event: {'category': 'dbt', 'action': 'load_project', 'label': '3afa1f47-33e4-44f4-97c2-3d3d10c31c63', 'context': [<snowplow_tracker.self_describing_json.SelfDescribingJson object at 0x7fac719f3ed0>]}
16:07:02.108009 [debug] [MainThread]: Sending event: {'category': 'dbt', 'action': 'resource_counts', 'label': '3afa1f47-33e4-44f4-97c2-3d3d10c31c63', 'context': [<snowplow_tracker.self_describing_json.SelfDescribingJson object at 0x7fac71ae2550>]}
16:07:02.108361 [info ] [MainThread]: Found 1 model, 0 tests, 0 snapshots, 0 analyses, 167 macros, 0 operations, 0 seed files, 0 sources, 0 exposures, 0 metrics
16:07:02.108683 [debug] [MainThread]: Sending event: {'category': 'dbt', 'action': 'runnable_timing', 'label': '3afa1f47-33e4-44f4-97c2-3d3d10c31c63', 'context': [<snowplow_tracker.self_describing_json.SelfDescribingJson object at 0x7fac71b5a8d0>]}
16:07:02.109765 [info ] [MainThread]: 
16:07:02.110263 [debug] [MainThread]: Acquiring new postgres connection "master"
16:07:02.110969 [debug] [ThreadPool]: Acquiring new postgres connection "list_dbt_training"
16:07:02.122797 [debug] [ThreadPool]: Using postgres connection "list_dbt_training"
16:07:02.123126 [debug] [ThreadPool]: On list_dbt_training: /* {"app": "dbt", "dbt_version": "1.1.0", "profile_name": "dbt_training_dw", "target_name": "dev", "connection_name": "list_dbt_training"} */

    select distinct nspname from pg_namespace
  
16:07:02.123342 [debug] [ThreadPool]: Opening a new connection, currently in state init
16:07:02.176873 [debug] [ThreadPool]: SQL status: SELECT 5 in 0.05 seconds
16:07:02.178341 [debug] [ThreadPool]: On list_dbt_training: Close
16:07:02.179367 [debug] [ThreadPool]: Acquiring new postgres connection "list_dbt_training_public"
16:07:02.186514 [debug] [ThreadPool]: Using postgres connection "list_dbt_training_public"
16:07:02.186731 [debug] [ThreadPool]: On list_dbt_training_public: BEGIN
16:07:02.186911 [debug] [ThreadPool]: Opening a new connection, currently in state closed
16:07:02.195384 [debug] [ThreadPool]: SQL status: BEGIN in 0.01 seconds
16:07:02.195633 [debug] [ThreadPool]: Using postgres connection "list_dbt_training_public"
16:07:02.195870 [debug] [ThreadPool]: On list_dbt_training_public: /* {"app": "dbt", "dbt_version": "1.1.0", "profile_name": "dbt_training_dw", "target_name": "dev", "connection_name": "list_dbt_training_public"} */
select
      'dbt_training' as database,
      tablename as name,
      schemaname as schema,
      'table' as type
    from pg_tables
    where schemaname ilike 'public'
    union all
    select
      'dbt_training' as database,
      viewname as name,
      schemaname as schema,
      'view' as type
    from pg_views
    where schemaname ilike 'public'
  
16:07:02.199282 [debug] [ThreadPool]: SQL status: SELECT 1 in 0.0 seconds
16:07:02.200588 [debug] [ThreadPool]: On list_dbt_training_public: ROLLBACK
16:07:02.200883 [debug] [ThreadPool]: On list_dbt_training_public: Close
16:07:02.205287 [debug] [MainThread]: Using postgres connection "master"
16:07:02.205478 [debug] [MainThread]: On master: BEGIN
16:07:02.205640 [debug] [MainThread]: Opening a new connection, currently in state init
16:07:02.214365 [debug] [MainThread]: SQL status: BEGIN in 0.01 seconds
16:07:02.214661 [debug] [MainThread]: Using postgres connection "master"
16:07:02.214946 [debug] [MainThread]: On master: /* {"app": "dbt", "dbt_version": "1.1.0", "profile_name": "dbt_training_dw", "target_name": "dev", "connection_name": "master"} */
with relation as (
        select
            pg_rewrite.ev_class as class,
            pg_rewrite.oid as id
        from pg_rewrite
    ),
    class as (
        select
            oid as id,
            relname as name,
            relnamespace as schema,
            relkind as kind
        from pg_class
    ),
    dependency as (
        select distinct
            pg_depend.objid as id,
            pg_depend.refobjid as ref
        from pg_depend
    ),
    schema as (
        select
            pg_namespace.oid as id,
            pg_namespace.nspname as name
        from pg_namespace
        where nspname != 'information_schema' and nspname not like 'pg\_%'
    ),
    referenced as (
        select
            relation.id AS id,
            referenced_class.name ,
            referenced_class.schema ,
            referenced_class.kind
        from relation
        join class as referenced_class on relation.class=referenced_class.id
        where referenced_class.kind in ('r', 'v')
    ),
    relationships as (
        select
            referenced.name as referenced_name,
            referenced.schema as referenced_schema_id,
            dependent_class.name as dependent_name,
            dependent_class.schema as dependent_schema_id,
            referenced.kind as kind
        from referenced
        join dependency on referenced.id=dependency.id
        join class as dependent_class on dependency.ref=dependent_class.id
        where
            (referenced.name != dependent_class.name or
             referenced.schema != dependent_class.schema)
    )

    select
        referenced_schema.name as referenced_schema,
        relationships.referenced_name as referenced_name,
        dependent_schema.name as dependent_schema,
        relationships.dependent_name as dependent_name
    from relationships
    join schema as dependent_schema on relationships.dependent_schema_id=dependent_schema.id
    join schema as referenced_schema on relationships.referenced_schema_id=referenced_schema.id
    group by referenced_schema, referenced_name, dependent_schema, dependent_name
    order by referenced_schema, referenced_name, dependent_schema, dependent_name;
16:07:02.223158 [debug] [MainThread]: SQL status: SELECT 1 in 0.01 seconds
16:07:02.224590 [debug] [MainThread]: Sending event: {'category': 'dbt', 'action': 'runnable_timing', 'label': '3afa1f47-33e4-44f4-97c2-3d3d10c31c63', 'context': [<snowplow_tracker.self_describing_json.SelfDescribingJson object at 0x7fac71aac310>]}
16:07:02.224977 [debug] [MainThread]: On master: ROLLBACK
16:07:02.225332 [debug] [MainThread]: Using postgres connection "master"
16:07:02.225534 [debug] [MainThread]: On master: BEGIN
16:07:02.225896 [debug] [MainThread]: SQL status: BEGIN in 0.0 seconds
16:07:02.226105 [debug] [MainThread]: On master: COMMIT
16:07:02.226289 [debug] [MainThread]: Using postgres connection "master"
16:07:02.226457 [debug] [MainThread]: On master: COMMIT
16:07:02.226729 [debug] [MainThread]: SQL status: COMMIT in 0.0 seconds
16:07:02.226926 [debug] [MainThread]: On master: Close
16:07:02.227293 [info ] [MainThread]: Concurrency: 1 threads (target='dev')
16:07:02.227622 [info ] [MainThread]: 
16:07:02.229639 [debug] [Thread-1  ]: Began running node model.dbt_training.employee_names
16:07:02.229984 [info ] [Thread-1  ]: 1 of 1 START table model public.employee_names ................................. [RUN]
16:07:02.230691 [debug] [Thread-1  ]: Acquiring new postgres connection "model.dbt_training.employee_names"
16:07:02.230905 [debug] [Thread-1  ]: Began compiling node model.dbt_training.employee_names
16:07:02.231104 [debug] [Thread-1  ]: Compiling model.dbt_training.employee_names
16:07:02.232702 [debug] [Thread-1  ]: Writing injected SQL for node "model.dbt_training.employee_names"
16:07:02.233301 [debug] [Thread-1  ]: finished collecting timing info
16:07:02.233518 [debug] [Thread-1  ]: Began executing node model.dbt_training.employee_names
16:07:02.269855 [debug] [Thread-1  ]: Writing runtime SQL for node "model.dbt_training.employee_names"
16:07:02.270488 [debug] [Thread-1  ]: Using postgres connection "model.dbt_training.employee_names"
16:07:02.270674 [debug] [Thread-1  ]: On model.dbt_training.employee_names: BEGIN
16:07:02.270839 [debug] [Thread-1  ]: Opening a new connection, currently in state closed
16:07:02.279435 [debug] [Thread-1  ]: SQL status: BEGIN in 0.01 seconds
16:07:02.279694 [debug] [Thread-1  ]: Using postgres connection "model.dbt_training.employee_names"
16:07:02.279867 [debug] [Thread-1  ]: On model.dbt_training.employee_names: /* {"app": "dbt", "dbt_version": "1.1.0", "profile_name": "dbt_training_dw", "target_name": "dev", "node_id": "model.dbt_training.employee_names"} */


  create  table "dbt_training"."public"."employee_names__dbt_tmp"
  as (
    select
	"employee_id",
	concat("first_name", ' ', "last_name") as full_name
from
	"dbt_training"."raw"."employees"
  );
16:07:02.286241 [debug] [Thread-1  ]: SQL status: SELECT 2 in 0.01 seconds
16:07:02.293539 [debug] [Thread-1  ]: Using postgres connection "model.dbt_training.employee_names"
16:07:02.293775 [debug] [Thread-1  ]: On model.dbt_training.employee_names: /* {"app": "dbt", "dbt_version": "1.1.0", "profile_name": "dbt_training_dw", "target_name": "dev", "node_id": "model.dbt_training.employee_names"} */
alter table "dbt_training"."public"."employee_names" rename to "employee_names__dbt_backup"
16:07:02.294344 [debug] [Thread-1  ]: SQL status: ALTER TABLE in 0.0 seconds
16:07:02.296971 [debug] [Thread-1  ]: Using postgres connection "model.dbt_training.employee_names"
16:07:02.297166 [debug] [Thread-1  ]: On model.dbt_training.employee_names: /* {"app": "dbt", "dbt_version": "1.1.0", "profile_name": "dbt_training_dw", "target_name": "dev", "node_id": "model.dbt_training.employee_names"} */
alter table "dbt_training"."public"."employee_names__dbt_tmp" rename to "employee_names"
16:07:02.297727 [debug] [Thread-1  ]: SQL status: ALTER TABLE in 0.0 seconds
16:07:02.310710 [debug] [Thread-1  ]: On model.dbt_training.employee_names: COMMIT
16:07:02.310971 [debug] [Thread-1  ]: Using postgres connection "model.dbt_training.employee_names"
16:07:02.311151 [debug] [Thread-1  ]: On model.dbt_training.employee_names: COMMIT
16:07:02.311820 [debug] [Thread-1  ]: SQL status: COMMIT in 0.0 seconds
16:07:02.317968 [debug] [Thread-1  ]: Using postgres connection "model.dbt_training.employee_names"
16:07:02.318213 [debug] [Thread-1  ]: On model.dbt_training.employee_names: /* {"app": "dbt", "dbt_version": "1.1.0", "profile_name": "dbt_training_dw", "target_name": "dev", "node_id": "model.dbt_training.employee_names"} */
drop view if exists "dbt_training"."public"."employee_names__dbt_backup" cascade
16:07:02.320416 [debug] [Thread-1  ]: SQL status: DROP VIEW in 0.0 seconds
16:07:02.355753 [debug] [Thread-1  ]: finished collecting timing info
16:07:02.356099 [debug] [Thread-1  ]: On model.dbt_training.employee_names: Close
16:07:02.356712 [debug] [Thread-1  ]: Sending event: {'category': 'dbt', 'action': 'run_model', 'label': '3afa1f47-33e4-44f4-97c2-3d3d10c31c63', 'context': [<snowplow_tracker.self_describing_json.SelfDescribingJson object at 0x7fac71c27d50>]}
16:07:02.357425 [info ] [Thread-1  ]: 1 of 1 OK created table model public.employee_names ............................ [[32mSELECT 2[0m in 0.13s]
16:07:02.358184 [debug] [Thread-1  ]: Finished running node model.dbt_training.employee_names
16:07:02.432653 [debug] [MainThread]: Acquiring new postgres connection "master"
16:07:02.432954 [debug] [MainThread]: Using postgres connection "master"
16:07:02.433140 [debug] [MainThread]: On master: BEGIN
16:07:02.433306 [debug] [MainThread]: Opening a new connection, currently in state closed
16:07:02.447182 [debug] [MainThread]: SQL status: BEGIN in 0.01 seconds
16:07:02.457268 [debug] [MainThread]: On master: COMMIT
16:07:02.458127 [debug] [MainThread]: Using postgres connection "master"
16:07:02.458390 [debug] [MainThread]: On master: COMMIT
16:07:02.458813 [debug] [MainThread]: SQL status: COMMIT in 0.0 seconds
16:07:02.459044 [debug] [MainThread]: On master: Close
16:07:02.459480 [info ] [MainThread]: 
16:07:02.459840 [info ] [MainThread]: Finished running 1 table model in 0.35s.
16:07:02.460174 [debug] [MainThread]: Connection 'master' was properly closed.
16:07:02.460356 [debug] [MainThread]: Connection 'model.dbt_training.employee_names' was properly closed.
16:07:02.482203 [info ] [MainThread]: 
16:07:02.482639 [info ] [MainThread]: [32mCompleted successfully[0m
16:07:02.483077 [info ] [MainThread]: 
16:07:02.483400 [info ] [MainThread]: Done. PASS=1 WARN=0 ERROR=0 SKIP=0 TOTAL=1
16:07:02.483803 [debug] [MainThread]: Sending event: {'category': 'dbt', 'action': 'invocation', 'label': 'end', 'context': [<snowplow_tracker.self_describing_json.SelfDescribingJson object at 0x7fac71b54390>, <snowplow_tracker.self_describing_json.SelfDescribingJson object at 0x7fac71c4b7d0>, <snowplow_tracker.self_describing_json.SelfDescribingJson object at 0x7fac71c4bf10>]}
